WARNING: Package name "Arm_basis" does not follow the naming conventions. It should start with a lower case letter and only contain lower case letters, digits, underscores, and dashes.
WARNING: Package name "Arm_basis" does not follow the naming conventions. It should start with a lower case letter and only contain lower case letters, digits, underscores, and dashes.
In file included from [01m[K/home/mazen/ws_moveit/my_arm/src/arm_control/src/joint_trajectory_controller.cpp:1:0[m[K:
[01m[K/home/mazen/ws_moveit/my_arm/src/arm_control/include/arm_control/effort_joint_interface.h:161:12:[m[K [01;31m[Kerror: [m[K‘[01m[Kscoped_ptr[m[K’ in namespace ‘[01m[Kboost[m[K’ does not name a template type
     boost::[01;31m[Kscoped_ptr[m[K<EffortsPublisher> publisher;
            [01;31m[K^~~~~~~~~~[m[K
[01m[K/home/mazen/ws_moveit/my_arm/src/arm_control/include/arm_control/effort_joint_interface.h:164:12:[m[K [01;31m[Kerror: [m[K‘[01m[Kscoped_ptr[m[K’ in namespace ‘[01m[Kboost[m[K’ does not name a template type
     boost::[01;31m[Kscoped_ptr[m[K<KDL::ChainIdSolver_RNE> id_solver;
            [01;31m[K^~~~~~~~~~[m[K
[01m[K/home/mazen/ws_moveit/my_arm/src/arm_control/include/arm_control/effort_joint_interface.h:[m[K In member function ‘[01m[Kbool HardwareInterfaceAdapter<hardware_interface::EffortJointInterface, joint_trajectory_controller::JointTrajectorySegment<trajectory_interface::QuinticSplineSegment<double> >::State>::init(std::vector<hardware_interface::JointHandle>&, ros::NodeHandle&)[m[K’:
[01m[K/home/mazen/ws_moveit/my_arm/src/arm_control/include/arm_control/effort_joint_interface.h:55:9:[m[K [01;31m[Kerror: [m[K‘[01m[Kpublisher[m[K’ was not declared in this scope
         [01;31m[Kpublisher[m[K.reset(new EffortsPublisher(nh, "efforts", 10));
         [01;31m[K^~~~~~~~~[m[K
[01m[K/home/mazen/ws_moveit/my_arm/src/arm_control/include/arm_control/effort_joint_interface.h:84:9:[m[K [01;31m[Kerror: [m[K‘[01m[Kid_solver[m[K’ was not declared in this scope
         [01;31m[Kid_solver[m[K.reset(new KDL::ChainIdSolver_RNE(chain, KDL::Vector(0, 0, -9.81)));
         [01;31m[K^~~~~~~~~[m[K
[01m[K/home/mazen/ws_moveit/my_arm/src/arm_control/include/arm_control/effort_joint_interface.h:[m[K In member function ‘[01m[Kvoid HardwareInterfaceAdapter<hardware_interface::EffortJointInterface, joint_trajectory_controller::JointTrajectorySegment<trajectory_interface::QuinticSplineSegment<double> >::State>::updateCommand(const ros::Time&, const ros::Duration&, const State&, const State&)[m[K’:
[01m[K/home/mazen/ws_moveit/my_arm/src/arm_control/include/arm_control/effort_joint_interface.h:125:13:[m[K [01;31m[Kerror: [m[K‘[01m[Kid_solver[m[K’ was not declared in this scope
         if ([01;31m[Kid_solver[m[K->CartToJnt(
             [01;31m[K^~~~~~~~~[m[K
[01m[K/home/mazen/ws_moveit/my_arm/src/arm_control/include/arm_control/effort_joint_interface.h:148:13:[m[K [01;31m[Kerror: [m[K‘[01m[Kpublisher[m[K’ was not declared in this scope
         if ([01;31m[Kpublisher[m[K->trylock()) {
             [01;31m[K^~~~~~~~~[m[K
make[2]: *** [CMakeFiles/arm_control.dir/src/joint_trajectory_controller.cpp.o] Error 1
make[1]: *** [CMakeFiles/arm_control.dir/all] Error 2
make: *** [all] Error 2
