[35m[1mScanning dependencies of target control_toolbox_gencfg[0m
[35m[1mScanning dependencies of target _arm_control_generate_messages_check_deps_Efforts[0m
[  0%] Built target control_toolbox_gencfg
[35m[1mScanning dependencies of target std_msgs_generate_messages_py[0m
[  0%] Built target std_msgs_generate_messages_py
[  0%] Built target _arm_control_generate_messages_check_deps_Efforts
[35m[1mScanning dependencies of target dynamic_reconfigure_generate_messages_py[0m
[35m[1mScanning dependencies of target dynamic_reconfigure_generate_messages_nodejs[0m
[  0%] Built target dynamic_reconfigure_generate_messages_py
[  0%] Built target dynamic_reconfigure_generate_messages_nodejs
[35m[1mScanning dependencies of target dynamic_reconfigure_generate_messages_lisp[0m
[35m[1mScanning dependencies of target dynamic_reconfigure_generate_messages_eus[0m
[  0%] Built target dynamic_reconfigure_generate_messages_lisp
[  0%] Built target dynamic_reconfigure_generate_messages_eus
[35m[1mScanning dependencies of target trajectory_msgs_generate_messages_nodejs[0m
[35m[1mScanning dependencies of target trajectory_msgs_generate_messages_lisp[0m
[  0%] Built target trajectory_msgs_generate_messages_nodejs
[  0%] Built target trajectory_msgs_generate_messages_lisp
[35m[1mScanning dependencies of target trajectory_msgs_generate_messages_cpp[0m
[35m[1mScanning dependencies of target geometry_msgs_generate_messages_py[0m
[  0%] Built target trajectory_msgs_generate_messages_cpp
[  0%] Built target geometry_msgs_generate_messages_py
[35m[1mScanning dependencies of target geometry_msgs_generate_messages_lisp[0m
[35m[1mScanning dependencies of target geometry_msgs_generate_messages_cpp[0m
[  0%] Built target geometry_msgs_generate_messages_lisp
[  0%] Built target geometry_msgs_generate_messages_cpp
[35m[1mScanning dependencies of target control_msgs_generate_messages_nodejs[0m
[35m[1mScanning dependencies of target dynamic_reconfigure_gencfg[0m
[  0%] Built target control_msgs_generate_messages_nodejs
[  0%] Built target dynamic_reconfigure_gencfg
[35m[1mScanning dependencies of target control_msgs_generate_messages_lisp[0m
[35m[1mScanning dependencies of target control_msgs_generate_messages_eus[0m
[  0%] Built target control_msgs_generate_messages_lisp
[  0%] Built target control_msgs_generate_messages_eus
[35m[1mScanning dependencies of target control_msgs_generate_messages_py[0m
[35m[1mScanning dependencies of target rosgraph_msgs_generate_messages_py[0m
[  0%] Built target control_msgs_generate_messages_py
[  0%] Built target rosgraph_msgs_generate_messages_py
[35m[1mScanning dependencies of target trajectory_msgs_generate_messages_py[0m
[35m[1mScanning dependencies of target std_msgs_generate_messages_eus[0m
[  0%] Built target trajectory_msgs_generate_messages_py
[  0%] Built target std_msgs_generate_messages_eus
[35m[1mScanning dependencies of target rosgraph_msgs_generate_messages_lisp[0m
[35m[1mScanning dependencies of target rosgraph_msgs_generate_messages_eus[0m
[  0%] Built target rosgraph_msgs_generate_messages_lisp
[  0%] Built target rosgraph_msgs_generate_messages_eus
[35m[1mScanning dependencies of target actionlib_msgs_generate_messages_cpp[0m
[35m[1mScanning dependencies of target trajectory_msgs_generate_messages_eus[0m
[  0%] Built target actionlib_msgs_generate_messages_cpp
[  0%] Built target trajectory_msgs_generate_messages_eus
[35m[1mScanning dependencies of target roscpp_generate_messages_py[0m
[35m[1mScanning dependencies of target geometry_msgs_generate_messages_eus[0m
[  0%] Built target roscpp_generate_messages_py
[  0%] Built target geometry_msgs_generate_messages_eus
[35m[1mScanning dependencies of target std_msgs_generate_messages_nodejs[0m
[35m[1mScanning dependencies of target dynamic_reconfigure_generate_messages_cpp[0m
[  0%] Built target std_msgs_generate_messages_nodejs
[  0%] Built target dynamic_reconfigure_generate_messages_cpp
[35m[1mScanning dependencies of target rosgraph_msgs_generate_messages_cpp[0m
[35m[1mScanning dependencies of target control_toolbox_generate_messages_nodejs[0m
[  0%] Built target rosgraph_msgs_generate_messages_cpp
[  0%] Built target control_toolbox_generate_messages_nodejs
[35m[1mScanning dependencies of target control_toolbox_generate_messages_eus[0m
[35m[1mScanning dependencies of target control_toolbox_generate_messages_py[0m
[  0%] Built target control_toolbox_generate_messages_eus
[  0%] Built target control_toolbox_generate_messages_py
[35m[1mScanning dependencies of target roscpp_generate_messages_nodejs[0m
[35m[1mScanning dependencies of target roscpp_generate_messages_eus[0m
[  0%] Built target roscpp_generate_messages_nodejs
[  0%] Built target roscpp_generate_messages_eus
[35m[1mScanning dependencies of target roscpp_generate_messages_lisp[0m
[35m[1mScanning dependencies of target control_msgs_generate_messages_cpp[0m
[  0%] Built target roscpp_generate_messages_lisp
[  0%] Built target control_msgs_generate_messages_cpp
[35m[1mScanning dependencies of target actionlib_generate_messages_cpp[0m
[35m[1mScanning dependencies of target roscpp_generate_messages_cpp[0m
[  0%] Built target actionlib_generate_messages_cpp
[  0%] Built target roscpp_generate_messages_cpp
[35m[1mScanning dependencies of target std_msgs_generate_messages_lisp[0m
[35m[1mScanning dependencies of target actionlib_msgs_generate_messages_nodejs[0m
[  0%] Built target std_msgs_generate_messages_lisp
[  0%] Built target actionlib_msgs_generate_messages_nodejs
[35m[1mScanning dependencies of target std_msgs_generate_messages_cpp[0m
[35m[1mScanning dependencies of target arm_control_generate_messages_eus[0m
[  0%] Built target std_msgs_generate_messages_cpp
[ 11%] [34m[1mGenerating EusLisp code from arm_control/Efforts.msg[0m
[ 22%] [34m[1mGenerating EusLisp manifest code for arm_control[0m
[35m[1mScanning dependencies of target geometry_msgs_generate_messages_nodejs[0m
[ 22%] Built target geometry_msgs_generate_messages_nodejs
[35m[1mScanning dependencies of target control_toolbox_generate_messages_cpp[0m
[ 22%] Built target control_toolbox_generate_messages_cpp
[35m[1mScanning dependencies of target actionlib_generate_messages_eus[0m
[ 22%] Built target actionlib_generate_messages_eus
[35m[1mScanning dependencies of target control_toolbox_generate_messages_lisp[0m
[ 22%] Built target control_toolbox_generate_messages_lisp
WARNING: Package name "Arm_basis" does not follow the naming conventions. It should start with a lower case letter and only contain lower case letters, digits, underscores, and dashes.
[35m[1mScanning dependencies of target actionlib_generate_messages_lisp[0m
[ 22%] Built target actionlib_generate_messages_lisp
[35m[1mScanning dependencies of target actionlib_generate_messages_nodejs[0m
[ 22%] Built target actionlib_generate_messages_nodejs
[35m[1mScanning dependencies of target arm_control_generate_messages_cpp[0m
[ 33%] [34m[1mGenerating C++ code from arm_control/Efforts.msg[0m
[ 33%] Built target arm_control_generate_messages_cpp
[35m[1mScanning dependencies of target actionlib_generate_messages_py[0m
[ 33%] Built target actionlib_generate_messages_py
[35m[1mScanning dependencies of target actionlib_msgs_generate_messages_eus[0m
[ 33%] Built target actionlib_msgs_generate_messages_eus
[35m[1mScanning dependencies of target actionlib_msgs_generate_messages_lisp[0m
[ 33%] Built target actionlib_msgs_generate_messages_lisp
[35m[1mScanning dependencies of target actionlib_msgs_generate_messages_py[0m
[ 33%] Built target actionlib_msgs_generate_messages_py
[35m[1mScanning dependencies of target rosgraph_msgs_generate_messages_nodejs[0m
[ 33%] Built target rosgraph_msgs_generate_messages_nodejs
[35m[1mScanning dependencies of target arm_control_generate_messages_py[0m
[ 44%] [34m[1mGenerating Python from MSG arm_control/Efforts[0m
[ 55%] [34m[1mGenerating Python msg __init__.py for arm_control[0m
[ 55%] Built target arm_control_generate_messages_py
WARNING: Package name "Arm_basis" does not follow the naming conventions. It should start with a lower case letter and only contain lower case letters, digits, underscores, and dashes.
[35m[1mScanning dependencies of target arm_control_generate_messages_nodejs[0m
[ 66%] [34m[1mGenerating Javascript code from arm_control/Efforts.msg[0m
[35m[1mScanning dependencies of target arm_control_generate_messages_lisp[0m
[ 77%] Built target arm_control_generate_messages_nodejs
[ 77%] [34m[1mGenerating Lisp code from arm_control/Efforts.msg[0m
[ 77%] Built target arm_control_generate_messages_lisp
[ 77%] Built target arm_control_generate_messages_eus
[35m[1mScanning dependencies of target arm_control_generate_messages[0m
[35m[1mScanning dependencies of target arm_control[0m
[ 77%] Built target arm_control_generate_messages
[ 88%] [32mBuilding CXX object CMakeFiles/arm_control.dir/src/joint_trajectory_controller.cpp.o[0m
In file included from [01m[K/home/mazen/ws_moveit/my_arm/src/arm_control/src/joint_trajectory_controller.cpp:1:0[m[K:
[01m[K/home/mazen/ws_moveit/my_arm/src/arm_control/include/arm_control/effort_joint_interface.h:161:12:[m[K [01;31m[Kerror: [m[K‘[01m[Kscoped_ptr[m[K’ in namespace ‘[01m[Kboost[m[K’ does not name a template type
     boost::[01;31m[Kscoped_ptr[m[K<EffortsPublisher> publisher;
            [01;31m[K^~~~~~~~~~[m[K
[01m[K/home/mazen/ws_moveit/my_arm/src/arm_control/include/arm_control/effort_joint_interface.h:164:12:[m[K [01;31m[Kerror: [m[K‘[01m[Kscoped_ptr[m[K’ in namespace ‘[01m[Kboost[m[K’ does not name a template type
     boost::[01;31m[Kscoped_ptr[m[K<KDL::ChainIdSolver_RNE> id_solver;
            [01;31m[K^~~~~~~~~~[m[K
[01m[K/home/mazen/ws_moveit/my_arm/src/arm_control/include/arm_control/effort_joint_interface.h:[m[K In member function ‘[01m[Kbool HardwareInterfaceAdapter<hardware_interface::EffortJointInterface, joint_trajectory_controller::JointTrajectorySegment<trajectory_interface::QuinticSplineSegment<double> >::State>::init(std::vector<hardware_interface::JointHandle>&, ros::NodeHandle&)[m[K’:
[01m[K/home/mazen/ws_moveit/my_arm/src/arm_control/include/arm_control/effort_joint_interface.h:55:9:[m[K [01;31m[Kerror: [m[K‘[01m[Kpublisher[m[K’ was not declared in this scope
         [01;31m[Kpublisher[m[K.reset(new EffortsPublisher(nh, "efforts", 10));
         [01;31m[K^~~~~~~~~[m[K
[01m[K/home/mazen/ws_moveit/my_arm/src/arm_control/include/arm_control/effort_joint_interface.h:84:9:[m[K [01;31m[Kerror: [m[K‘[01m[Kid_solver[m[K’ was not declared in this scope
         [01;31m[Kid_solver[m[K.reset(new KDL::ChainIdSolver_RNE(chain, KDL::Vector(0, 0, -9.81)));
         [01;31m[K^~~~~~~~~[m[K
[01m[K/home/mazen/ws_moveit/my_arm/src/arm_control/include/arm_control/effort_joint_interface.h:[m[K In member function ‘[01m[Kvoid HardwareInterfaceAdapter<hardware_interface::EffortJointInterface, joint_trajectory_controller::JointTrajectorySegment<trajectory_interface::QuinticSplineSegment<double> >::State>::updateCommand(const ros::Time&, const ros::Duration&, const State&, const State&)[m[K’:
[01m[K/home/mazen/ws_moveit/my_arm/src/arm_control/include/arm_control/effort_joint_interface.h:125:13:[m[K [01;31m[Kerror: [m[K‘[01m[Kid_solver[m[K’ was not declared in this scope
         if ([01;31m[Kid_solver[m[K->CartToJnt(
             [01;31m[K^~~~~~~~~[m[K
[01m[K/home/mazen/ws_moveit/my_arm/src/arm_control/include/arm_control/effort_joint_interface.h:148:13:[m[K [01;31m[Kerror: [m[K‘[01m[Kpublisher[m[K’ was not declared in this scope
         if ([01;31m[Kpublisher[m[K->trylock()) {
             [01;31m[K^~~~~~~~~[m[K
CMakeFiles/arm_control.dir/build.make:62: recipe for target 'CMakeFiles/arm_control.dir/src/joint_trajectory_controller.cpp.o' failed
make[2]: *** [CMakeFiles/arm_control.dir/src/joint_trajectory_controller.cpp.o] Error 1
CMakeFiles/Makefile2:123: recipe for target 'CMakeFiles/arm_control.dir/all' failed
make[1]: *** [CMakeFiles/arm_control.dir/all] Error 2
make: *** [all] Error 2
Makefile:140: recipe for target 'all' failed
